# JRE version: Java(TM) SE Runtime Environment (8.0_45-b14) (build 1.8.0_45-b14)
# Java VM: Java HotSpot(TM) 64-Bit Server VM (25.45-b02 mixed mode windows-amd64 compressed oops)
Heap:
 PSYoungGen      total 683520K, used 492475K [0x00000000d5d00000, 0x00000000fff80000, 0x0000000100000000)
  eden space 676864K, 72% used [0x00000000d5d00000,0x00000000f3aa7168,0x00000000ff200000)
  from space 6656K, 50% used [0x00000000ff880000,0x00000000ffbc7b70,0x00000000fff00000)
  to   space 6656K, 0% used [0x00000000ff200000,0x00000000ff200000,0x00000000ff880000)
 ParOldGen       total 87552K, used 14378K [0x0000000081600000, 0x0000000086b80000, 0x00000000d5d00000)
  object space 87552K, 16% used [0x0000000081600000,0x000000008240abc8,0x0000000086b80000)
 Metaspace       used 5097K, capacity 5156K, committed 5248K, reserved 1056768K
  class space    used 569K, capacity 592K, committed 640K, reserved 1048576K
GC Heap History (10 events):
Event: 0.885 GC heap before
{Heap before GC invocations=8 (full 0):
 PSYoungGen      total 137216K, used 136598K [0x00000000d5d00000, 0x00000000e6a00000, 0x0000000100000000)
  eden space 132608K, 100% used [0x00000000d5d00000,0x00000000dde80000,0x00000000dde80000)
  from space 4608K, 86% used [0x00000000dde80000,0x00000000de265ba8,0x00000000de300000)
  to   space 5120K, 0% used [0x00000000e6500000,0x00000000e6500000,0x00000000e6a00000)
 ParOldGen       total 87552K, used 2044K [0x0000000081600000, 0x0000000086b80000, 0x00000000d5d00000)
  object space 87552K, 2% used [0x0000000081600000,0x00000000817ff0e0,0x0000000086b80000)
 Metaspace       used 4066K, capacity 4704K, committed 4992K, reserved 1056768K
  class space    used 468K, capacity 528K, committed 640K, reserved 1048576K
Event: 0.891 GC heap after
Heap after GC invocations=8 (full 0):
 PSYoungGen      total 269824K, used 4658K [0x00000000d5d00000, 0x00000000e6b00000, 0x0000000100000000)
  eden space 264704K, 0% used [0x00000000d5d00000,0x00000000d5d00000,0x00000000e5f80000)
  from space 5120K, 90% used [0x00000000e6500000,0x00000000e698c970,0x00000000e6a00000)
  to   space 5632K, 0% used [0x00000000e5f80000,0x00000000e5f80000,0x00000000e6500000)
 ParOldGen       total 87552K, used 3028K [0x0000000081600000, 0x0000000086b80000, 0x00000000d5d00000)
  object space 87552K, 3% used [0x0000000081600000,0x00000000818f50e0,0x0000000086b80000)
 Metaspace       used 4066K, capacity 4704K, committed 4992K, reserved 1056768K
  class space    used 468K, capacity 528K, committed 640K, reserved 1048576K
}
Event: 1.737 GC heap before
{Heap before GC invocations=9 (full 0):
 PSYoungGen      total 269824K, used 269362K [0x00000000d5d00000, 0x00000000e6b00000, 0x0000000100000000)
  eden space 264704K, 100% used [0x00000000d5d00000,0x00000000e5f80000,0x00000000e5f80000)
  from space 5120K, 90% used [0x00000000e6500000,0x00000000e698c970,0x00000000e6a00000)
  to   space 5632K, 0% used [0x00000000e5f80000,0x00000000e5f80000,0x00000000e6500000)
 ParOldGen       total 87552K, used 3028K [0x0000000081600000, 0x0000000086b80000, 0x00000000d5d00000)
  object space 87552K, 3% used [0x0000000081600000,0x00000000818f50e0,0x0000000086b80000)
 Metaspace       used 4169K, capacity 4768K, committed 4992K, reserved 1056768K
  class space    used 473K, capacity 528K, committed 640K, reserved 1048576K
Event: 1.754 GC heap after
Heap after GC invocations=9 (full 0):
 PSYoungGen      total 270336K, used 5618K [0x00000000d5d00000, 0x00000000f0900000, 0x0000000100000000)
  eden space 264704K, 0% used [0x00000000d5d00000,0x00000000d5d00000,0x00000000e5f80000)
  from space 5632K, 99% used [0x00000000e5f80000,0x00000000e64fc970,0x00000000e6500000)
  to   space 7168K, 0% used [0x00000000f0200000,0x00000000f0200000,0x00000000f0900000)
 ParOldGen       total 87552K, used 4748K [0x0000000081600000, 0x0000000086b80000, 0x00000000d5d00000)
  object space 87552K, 5% used [0x0000000081600000,0x0000000081aa30e0,0x0000000086b80000)
 Metaspace       used 4169K, capacity 4768K, committed 4992K, reserved 1056768K
  class space    used 473K, capacity 528K, committed 640K, reserved 1048576K
}
Event: 2.039 GC heap before
{Heap before GC invocations=10 (full 0):
 PSYoungGen      total 270336K, used 270322K [0x00000000d5d00000, 0x00000000f0900000, 0x0000000100000000)
  eden space 264704K, 100% used [0x00000000d5d00000,0x00000000e5f80000,0x00000000e5f80000)
  from space 5632K, 99% used [0x00000000e5f80000,0x00000000e64fc970,0x00000000e6500000)
  to   space 7168K, 0% used [0x00000000f0200000,0x00000000f0200000,0x00000000f0900000)
 ParOldGen       total 87552K, used 4748K [0x0000000081600000, 0x0000000086b80000, 0x00000000d5d00000)
  object space 87552K, 5% used [0x0000000081600000,0x0000000081aa30e0,0x0000000086b80000)
 Metaspace       used 4169K, capacity 4768K, committed 4992K, reserved 1056768K
  class space    used 473K, capacity 528K, committed 640K, reserved 1048576K
Event: 2.045 GC heap after
Heap after GC invocations=10 (full 0):
 PSYoungGen      total 431104K, used 4053K [0x00000000d5d00000, 0x00000000f0900000, 0x0000000100000000)
  eden space 423936K, 0% used [0x00000000d5d00000,0x00000000d5d00000,0x00000000efb00000)
  from space 7168K, 56% used [0x00000000f0200000,0x00000000f05f5460,0x00000000f0900000)
  to   space 7168K, 0% used [0x00000000efb00000,0x00000000efb00000,0x00000000f0200000)
 ParOldGen       total 87552K, used 7686K [0x0000000081600000, 0x0000000086b80000, 0x00000000d5d00000)
  object space 87552K, 8% used [0x0000000081600000,0x0000000081d81a50,0x0000000086b80000)
 Metaspace       used 4169K, capacity 4768K, committed 4992K, reserved 1056768K
  class space    used 473K, capacity 528K, committed 640K, reserved 1048576K
}
Event: 2.725 GC heap before
{Heap before GC invocations=11 (full 0):
 PSYoungGen      total 431104K, used 427989K [0x00000000d5d00000, 0x00000000f0900000, 0x0000000100000000)
  eden space 423936K, 100% used [0x00000000d5d00000,0x00000000efb00000,0x00000000efb00000)
  from space 7168K, 56% used [0x00000000f0200000,0x00000000f05f5460,0x00000000f0900000)
  to   space 7168K, 0% used [0x00000000efb00000,0x00000000efb00000,0x00000000f0200000)
 ParOldGen       total 87552K, used 7686K [0x0000000081600000, 0x0000000086b80000, 0x00000000d5d00000)
  object space 87552K, 8% used [0x0000000081600000,0x0000000081d81a50,0x0000000086b80000)
 Metaspace       used 4169K, capacity 4768K, committed 4992K, reserved 1056768K
  class space    used 473K, capacity 528K, committed 640K, reserved 1048576K
Event: 2.801 GC heap after
Heap after GC invocations=11 (full 0):
 PSYoungGen      total 431104K, used 3410K [0x00000000d5d00000, 0x00000000fff00000, 0x0000000100000000)
  eden space 423936K, 0% used [0x00000000d5d00000,0x00000000d5d00000,0x00000000efb00000)
  from space 7168K, 47% used [0x00000000efb00000,0x00000000efe549d0,0x00000000f0200000)
  to   space 6656K, 0% used [0x00000000ff880000,0x00000000ff880000,0x00000000fff00000)
 ParOldGen       total 87552K, used 11430K [0x0000000081600000, 0x0000000086b80000, 0x00000000d5d00000)
  object space 87552K, 13% used [0x0000000081600000,0x0000000082129a50,0x0000000086b80000)
 Metaspace       used 4169K, capacity 4768K, committed 4992K, reserved 1056768K
  class space    used 473K, capacity 528K, committed 640K, reserved 1048576K
}
Event: 3.115 GC heap before
{Heap before GC invocations=12 (full 0):
 PSYoungGen      total 431104K, used 427346K [0x00000000d5d00000, 0x00000000fff00000, 0x0000000100000000)
  eden space 423936K, 100% used [0x00000000d5d00000,0x00000000efb00000,0x00000000efb00000)
  from space 7168K, 47% used [0x00000000efb00000,0x00000000efe549d0,0x00000000f0200000)
  to   space 6656K, 0% used [0x00000000ff880000,0x00000000ff880000,0x00000000fff00000)
 ParOldGen       total 87552K, used 11430K [0x0000000081600000, 0x0000000086b80000, 0x00000000d5d00000)
  object space 87552K, 13% used [0x0000000081600000,0x0000000082129a50,0x0000000086b80000)
 Metaspace       used 4169K, capacity 4768K, committed 4992K, reserved 1056768K
  class space    used 473K, capacity 528K, committed 640K, reserved 1048576K
Event: 3.129 GC heap after
Heap after GC invocations=12 (full 0):
 PSYoungGen      total 683520K, used 3358K [0x00000000d5d00000, 0x00000000fff80000, 0x0000000100000000)
  eden space 676864K, 0% used [0x00000000d5d00000,0x00000000d5d00000,0x00000000ff200000)
  from space 6656K, 50% used [0x00000000ff880000,0x00000000ffbc7b70,0x00000000fff00000)
  to   space 6656K, 0% used [0x00000000ff200000,0x00000000ff200000,0x00000000ff880000)
 ParOldGen       total 87552K, used 14378K [0x0000000081600000, 0x0000000086b80000, 0x00000000d5d00000)
  object space 87552K, 16% used [0x0000000081600000,0x000000008240abc8,0x0000000086b80000)
 Metaspace       used 4169K, capacity 4768K, committed 4992K, reserved 1056768K
  class space    used 473K, capacity 528K, committed 640K, reserved 1048576K
}

